TransmissionPlugin/build/outputs/apk/manifest-merger-debug-report.txt
-- Merging decision tree log ---
manifest
ADDED from AndroidManifest.xml:1:1
	xmlns:android
		ADDED from AndroidManifest.xml:1:11
	package
		ADDED from AndroidManifest.xml:2:5
		INJECTED from AndroidManifest.xml:0:0
		INJECTED from AndroidManifest.xml:0:0
	android:versionName
		ADDED from AndroidManifest.xml:4:5
	android:versionCode
		ADDED from AndroidManifest.xml:3:5
		INJECTED from AndroidManifest.xml:0:0
		INJECTED from AndroidManifest.xml:0:0
uses-sdk
ADDED from AndroidManifest.xml:6:5
MERGED from AtoomaSDKSamples:AtoomaSdk:unspecified:7:5
	android:targetSdkVersion
		ADDED from AndroidManifest.xml:8:9
		INJECTED from AndroidManifest.xml:0:0
		INJECTED from AndroidManifest.xml:0:0
	android:minSdkVersion
		ADDED from AndroidManifest.xml:7:9
		INJECTED from AndroidManifest.xml:0:0
		INJECTED from AndroidManifest.xml:0:0
uses-permission#android.permission.INTERNET
ADDED from AndroidManifest.xml:10:5
	android:name
		ADDED from AndroidManifest.xml:10:22
application
ADDED from AndroidManifest.xml:12:5
MERGED from AtoomaSDKSamples:AtoomaSdk:unspecified:13:5
	android:label
		ADDED from AtoomaSDKSamples:AtoomaSdk:unspecified:15:9
	android:allowBackup
		ADDED from AndroidManifest.xml:13:9
	android:icon
		ADDED from AndroidManifest.xml:14:9
service#com.atooma.AtoomaPluginService
ADDED from AndroidManifest.xml:15:9
	android:process
		ADDED from AndroidManifest.xml:17:13
	android:name
		ADDED from AndroidManifest.xml:16:13
receiver#com.atooma.plugin.transmission.TRANSMISSIONATOOMAMODULEReceiver
ADDED from AndroidManifest.xml:19:9
	android:name
		ADDED from AndroidManifest.xml:19:19
intent-filter#com.atooma.plugin.REGISTRATION
ADDED from AndroidManifest.xml:20:13
action#com.atooma.plugin.REGISTRATION
ADDED from AndroidManifest.xml:21:17
	android:name
		ADDED from AndroidManifest.xml:21:25
service#com.atooma.plugin.transmission.TRANSMISSIONATOOMAMODULERegister
ADDED from AndroidManifest.xml:25:9
	android:process
		ADDED from AndroidManifest.xml:27:13
	android:name
		ADDED from AndroidManifest.xml:26:13
service#com.atooma.sdk.RegisterService
ADDED from AtoomaSDKSamples:AtoomaSdk:unspecified:11:5
	android:name
		ADDED from AtoomaSDKSamples:AtoomaSdk:unspecified:11:14